Determining if the pthread_create exist failed with the following output:
Change Dir: /home/viki/catkin_ws/src/wifi_tools/build/CMakeFiles/CMakeTmp

Run Build Command:/usr/bin/make "cmTryCompileExec3315388555/fast"
make[1]: Entering directory `/home/viki/catkin_ws/src/wifi_tools/build/CMakeFiles/CMakeTmp'
/usr/bin/make -f CMakeFiles/cmTryCompileExec3315388555.dir/build.make CMakeFiles/cmTryCompileExec3315388555.dir/build
make[2]: Entering directory `/home/viki/catkin_ws/src/wifi_tools/build/CMakeFiles/CMakeTmp'
/usr/bin/cmake -E cmake_progress_report /home/viki/catkin_ws/src/wifi_tools/build/CMakeFiles/CMakeTmp/CMakeFiles 1
Building C object CMakeFiles/cmTryCompileExec3315388555.dir/CheckSymbolExists.c.o
/usr/bin/cc    -o CMakeFiles/cmTryCompileExec3315388555.dir/CheckSymbolExists.c.o   -c /home/viki/catkin_ws/src/wifi_tools/build/CMakeFiles/CMakeTmp/CheckSymbolExists.c
Linking C executable cmTryCompileExec3315388555
/usr/bin/cmake -E cmake_link_script CMakeFiles/cmTryCompileExec3315388555.dir/link.txt --verbose=1
/usr/bin/cc       CMakeFiles/cmTryCompileExec3315388555.dir/CheckSymbolExists.c.o  -o cmTryCompileExec3315388555 -rdynamic 
CMakeFiles/cmTryCompileExec3315388555.dir/CheckSymbolExists.c.o: In function `main':
CheckSymbolExists.c:(.text+0xa): undefined reference to `pthread_create'
make[2]: Leaving directory `/home/viki/catkin_ws/src/wifi_tools/build/CMakeFiles/CMakeTmp'
make[1]: Leaving directory `/home/viki/catkin_ws/src/wifi_tools/build/CMakeFiles/CMakeTmp'
collect2: error: ld returned 1 exit status
make[2]: *** [cmTryCompileExec3315388555] Error 1
make[1]: *** [cmTryCompileExec3315388555/fast] Error 2

File /home/viki/catkin_ws/src/wifi_tools/build/CMakeFiles/CMakeTmp/CheckSymbolExists.c:
/* */
#include <pthread.h>

int main(int argc, char** argv)
{
  (void)argv;
#ifndef pthread_create
  return ((int*)(&pthread_create))[argc];
#else
  (void)argc;
  return 0;
#endif
}

Determining if the function pthread_create exists in the pthreads failed with the following output:
Change Dir: /home/viki/catkin_ws/src/wifi_tools/build/CMakeFiles/CMakeTmp

Run Build Command:/usr/bin/make "cmTryCompileExec848245891/fast"
make[1]: Entering directory `/home/viki/catkin_ws/src/wifi_tools/build/CMakeFiles/CMakeTmp'
/usr/bin/make -f CMakeFiles/cmTryCompileExec848245891.dir/build.make CMakeFiles/cmTryCompileExec848245891.dir/build
make[2]: Entering directory `/home/viki/catkin_ws/src/wifi_tools/build/CMakeFiles/CMakeTmp'
/usr/bin/cmake -E cmake_progress_report /home/viki/catkin_ws/src/wifi_tools/build/CMakeFiles/CMakeTmp/CMakeFiles 1
Building C object CMakeFiles/cmTryCompileExec848245891.dir/CheckFunctionExists.c.o
/usr/bin/cc   -DCHECK_FUNCTION_EXISTS=pthread_create   -o CMakeFiles/cmTryCompileExec848245891.dir/CheckFunctionExists.c.o   -c /usr/share/cmake-2.8/Modules/CheckFunctionExists.c
Linking C executable cmTryCompileExec848245891
/usr/bin/cmake -E cmake_link_script CMakeFiles/cmTryCompileExec848245891.dir/link.txt --verbose=1
/usr/bin/cc   -DCHECK_FUNCTION_EXISTS=pthread_create    CMakeFiles/cmTryCompileExec848245891.dir/CheckFunctionExists.c.o  -o cmTryCompileExec848245891 -rdynamic -lpthreads 
/usr/bin/ld: cannot find -lpthreads
collect2: error: ld returned 1 exit status
make[2]: Leaving directory `/home/viki/catkin_ws/src/wifi_tools/build/CMakeFiles/CMakeTmp'
make[1]: Leaving directory `/home/viki/catkin_ws/src/wifi_tools/build/CMakeFiles/CMakeTmp'
make[2]: *** [cmTryCompileExec848245891] Error 1
make[1]: *** [cmTryCompileExec848245891/fast] Error 2


